2025-02-02 22:24:55,960 - INFO - Successfully fetched Google News homepage
2025-02-02 22:24:56,003 - INFO - Successfully retrieved the Top stories URL: https://news.google.com/topics/CAAqKggKIiRDQkFTRlFvSUwyMHZNRFZxYUdjU0JXVnVMVWRDR2dKSlRpZ0FQAQ?hl=en-IN&gl=IN&ceid=IN%3Aen
2025-02-02 22:25:00,021 - INFO - Successfully fetched the html text of https://news.google.com/topics/CAAqKggKIiRDQkFTRlFvSUwyMHZNRFZxYUdjU0JXVnVMVWRDR2dKSlRpZ0FQAQ?hl=en-IN&gl=IN&ceid=IN%3Aen
2025-02-02 22:25:00,160 - INFO - Image downloaded successfully for headline: India vs England LIVE Updates, 5th T20I: All-Round Abhishek Sharma Stars As India Clinch 4-1 Series Win
2025-02-02 22:25:00,338 - INFO - Image downloaded successfully for headline: Why did government increase income tax exemption from ₹7 lakh to ₹12 lakh? FM Nirmala Sitharaman explains
2025-02-02 22:25:01,291 - INFO - Image downloaded successfully for headline: Trump’s tariff gamble: 'Pain' ahead, but 'worth the price' to secure US interests
2025-02-02 22:25:01,653 - INFO - Image downloaded successfully for headline: ‘I failed, I will resign’: Faizabad MP breaks into tears over Dalit woman's ‘murder’ in Ayodhya
2025-02-02 22:25:01,822 - INFO - Image downloaded successfully for headline: Kejriwal writes to EC, demands appointment of independent observers in New Delhi constituency
2025-02-02 22:25:01,961 - INFO - Image downloaded successfully for headline: ‘Declare Kerala backward’: Union minister's remark post-Union budget sparks row
2025-02-02 22:25:02,132 - INFO - Image downloaded successfully for headline: Maha Kumbh 2025: Basant Panchami on February 3; officials prepare for zero-error ahead of 'amrit snan'
2025-02-02 22:25:02,265 - INFO - Image downloaded successfully for headline: Health sector gets shot in the arm with `99,858 crore allocation
2025-02-02 22:25:02,400 - INFO - Image downloaded successfully for headline: Focus on Bihar: Here are the schemes announced for the state in the Budget
2025-02-02 22:25:02,747 - INFO - Image downloaded successfully for headline: Delhi Assembly election 2025 LIVE updates: Kejriwal accuses BJP of hooliganism
2025-02-02 22:25:02,884 - INFO - Image downloaded successfully for headline: Budget 2025 | Vaishnaw announces production of 100 Amrit Bharat, 50 Namo Bharat, and 200 Vande Bharat trains
2025-02-02 22:25:03,514 - INFO - Image downloaded successfully for headline: BCCI Announces Massive Cash Reward For Under-19 Women's T20 World Cup-Winning Team
2025-02-02 22:25:03,628 - INFO - Image downloaded successfully for headline: Intermittent rains, snow likely in J-K till Feb 10; says MeT
2025-02-02 22:25:03,774 - INFO - Image downloaded successfully for headline: Complaint filed against Sonia Gandhi in Bihar court for remark on President
2025-02-02 22:25:03,912 - INFO - Image downloaded successfully for headline: Budget: Taxpayers get relief on 2 self-occupied properties under new rule
2025-02-02 22:25:04,053 - INFO - Image downloaded successfully for headline: Vasant Panchami 2025: How this auspicious day influences your zodiac sign
2025-02-02 22:25:04,255 - INFO - Image downloaded successfully for headline: Karnataka got nothing but 'Khali Chombu' in Union Budget 2025 : CM Siddaramaiah
2025-02-02 22:25:04,389 - INFO - Image downloaded successfully for headline: TDS limit for interest income from bank FD hiked from Rs 40,000 in Budget 2025: Check details
2025-02-02 22:25:04,549 - INFO - Image downloaded successfully for headline: Union Budget 2025: MGNREGS allocation unchanged at ₹86,000 crore
2025-02-02 22:25:04,685 - INFO - Image downloaded successfully for headline: After Bihar budget bonanza, YSRCP's swipe at NDA ally TDP: 'Andhra got zero'
2025-02-02 22:25:04,844 - INFO - Image downloaded successfully for headline: US Army finally reveals name of pilot flying Black Hawk chopper that crashed into jet
2025-02-02 22:25:04,983 - INFO - Image downloaded successfully for headline: CJI & HC Chief Justices Meet To Discuss Evening Courts, Ad Hoc Judges; Supreme Court Holds Conference On...
2025-02-02 22:25:05,123 - INFO - Image downloaded successfully for headline: Gukesh, Praggnanandhaa Lead; Arjun Takes Down Abdusattorov
2025-02-02 22:25:05,246 - INFO - Image downloaded successfully for headline: FMCG, Auto, Consumer Durables, Insurance and other sectors set to benefit from Union Budget 2025
2025-02-02 22:25:05,402 - INFO - Image downloaded successfully for headline: Concussion sub row: ICC match referee Chris Broad sees 'bias and corruption'
2025-02-02 22:25:05,537 - INFO - Image downloaded successfully for headline: Deva Box Office Collection Day 3
2025-02-02 22:25:05,688 - INFO - Image downloaded successfully for headline: Kia Syros On-Road Price In Top 7 Cities!
2025-02-02 22:25:05,864 - INFO - Image downloaded successfully for headline: 'Is this the same ball...?': Virat Kohli reacts as Himanshu Sangwan seeks him out in dressing room after dismissal
2025-02-02 22:25:05,994 - INFO - Image downloaded successfully for headline: Sky Force Box Office Day 9: Akshay Kumar’s Two Post-COVID 100 Crore Grossers Achieved This Feat, Ready To Join The List!
2025-02-02 22:25:06,126 - INFO - Image downloaded successfully for headline: WWE Royal Rumble 2025: Jey Uso Wins Men's Event; Charlotte Flair Triumphs In Women's Match
2025-02-02 22:25:06,273 - INFO - Image downloaded successfully for headline: BCCI Awards: Lifetime award for Sachin Tendulkar, Bumrah is best men's cricketer
2025-02-02 22:25:06,425 - INFO - Image downloaded successfully for headline: IND vs ENG 5th T20I Predicted Playing 11: Harshit Rana, Mohammed Shami in India Playing XI
2025-02-02 22:25:06,740 - INFO - Image downloaded successfully for headline: What did the Budget say about ‘Make in India’?
2025-02-02 22:25:06,985 - INFO - Image downloaded successfully for headline: Amid controversy, old videos of Udit Narayan kissing co-singers Alka Yagnik and Shreya Ghoshal go viral
2025-02-02 22:25:07,180 - INFO - Image downloaded successfully for headline: Budget 2025: Dixon Technologies explains why the flat panel display custom duty hike is a positive
2025-02-02 22:25:07,313 - INFO - Image downloaded successfully for headline: New income tax Bill to be introduced in Parliament next week, says Nirmala Sitharaman
2025-02-02 22:25:07,327 - INFO - Successfully saved image for: India vs England LIVE Updates, 5th T20I: All-Round Abhishek Sharma Stars As India Clinch 4-1 Series Win in the database
2025-02-02 22:25:07,328 - INFO - Successfully saved image for: Why did government increase income tax exemption from ₹7 lakh to ₹12 lakh? FM Nirmala Sitharaman explains in the database
2025-02-02 22:25:07,329 - INFO - Successfully saved image for: Trump’s tariff gamble: 'Pain' ahead, but 'worth the price' to secure US interests in the database
2025-02-02 22:25:07,330 - INFO - Successfully saved image for: ‘I failed, I will resign’: Faizabad MP breaks into tears over Dalit woman's ‘murder’ in Ayodhya in the database
2025-02-02 22:25:07,330 - INFO - Successfully saved image for: Kejriwal writes to EC, demands appointment of independent observers in New Delhi constituency in the database
2025-02-02 22:25:07,331 - INFO - Successfully saved image for: ‘Declare Kerala backward’: Union minister's remark post-Union budget sparks row in the database
2025-02-02 22:25:07,332 - INFO - Successfully saved image for: Maha Kumbh 2025: Basant Panchami on February 3; officials prepare for zero-error ahead of 'amrit snan' in the database
2025-02-02 22:25:07,333 - INFO - Successfully saved image for: Health sector gets shot in the arm with `99,858 crore allocation in the database
2025-02-02 22:25:07,333 - INFO - Successfully saved image for: Focus on Bihar: Here are the schemes announced for the state in the Budget in the database
2025-02-02 22:25:07,334 - INFO - Successfully saved image for: Delhi Assembly election 2025 LIVE updates: Kejriwal accuses BJP of hooliganism in the database
2025-02-02 22:25:07,335 - INFO - Successfully saved image for: Budget 2025 | Vaishnaw announces production of 100 Amrit Bharat, 50 Namo Bharat, and 200 Vande Bharat trains in the database
2025-02-02 22:25:07,335 - INFO - Successfully saved image for: BCCI Announces Massive Cash Reward For Under-19 Women's T20 World Cup-Winning Team in the database
2025-02-02 22:25:07,336 - INFO - Successfully saved image for: Intermittent rains, snow likely in J-K till Feb 10; says MeT in the database
2025-02-02 22:25:07,337 - INFO - Successfully saved image for: Complaint filed against Sonia Gandhi in Bihar court for remark on President in the database
2025-02-02 22:25:07,337 - INFO - Successfully saved image for: Budget: Taxpayers get relief on 2 self-occupied properties under new rule in the database
2025-02-02 22:25:07,338 - INFO - Successfully saved image for: Vasant Panchami 2025: How this auspicious day influences your zodiac sign in the database
2025-02-02 22:25:07,339 - INFO - Successfully saved image for: Karnataka got nothing but 'Khali Chombu' in Union Budget 2025 : CM Siddaramaiah in the database
2025-02-02 22:25:07,340 - INFO - Successfully saved image for: TDS limit for interest income from bank FD hiked from Rs 40,000 in Budget 2025: Check details in the database
2025-02-02 22:25:07,341 - INFO - Successfully saved image for: Union Budget 2025: MGNREGS allocation unchanged at ₹86,000 crore in the database
2025-02-02 22:25:07,341 - INFO - Successfully saved image for: After Bihar budget bonanza, YSRCP's swipe at NDA ally TDP: 'Andhra got zero' in the database
2025-02-02 22:25:07,342 - INFO - Successfully saved image for: US Army finally reveals name of pilot flying Black Hawk chopper that crashed into jet in the database
2025-02-02 22:25:07,343 - INFO - Successfully saved image for: CJI & HC Chief Justices Meet To Discuss Evening Courts, Ad Hoc Judges; Supreme Court Holds Conference On... in the database
2025-02-02 22:25:07,344 - INFO - Successfully saved image for: Gukesh, Praggnanandhaa Lead; Arjun Takes Down Abdusattorov in the database
2025-02-02 22:25:07,344 - INFO - Successfully saved image for: FMCG, Auto, Consumer Durables, Insurance and other sectors set to benefit from Union Budget 2025 in the database
2025-02-02 22:25:07,345 - INFO - Successfully saved image for: Concussion sub row: ICC match referee Chris Broad sees 'bias and corruption' in the database
2025-02-02 22:25:07,346 - INFO - Successfully saved image for: Deva Box Office Collection Day 3 in the database
2025-02-02 22:25:07,347 - INFO - Successfully saved image for: Kia Syros On-Road Price In Top 7 Cities! in the database
2025-02-02 22:25:07,348 - INFO - Successfully saved image for: 'Is this the same ball...?': Virat Kohli reacts as Himanshu Sangwan seeks him out in dressing room after dismissal in the database
2025-02-02 22:25:07,349 - INFO - Successfully saved image for: Sky Force Box Office Day 9: Akshay Kumar’s Two Post-COVID 100 Crore Grossers Achieved This Feat, Ready To Join The List! in the database
2025-02-02 22:25:07,349 - INFO - Successfully saved image for: WWE Royal Rumble 2025: Jey Uso Wins Men's Event; Charlotte Flair Triumphs In Women's Match in the database
2025-02-02 22:25:07,350 - INFO - Successfully saved image for: BCCI Awards: Lifetime award for Sachin Tendulkar, Bumrah is best men's cricketer in the database
2025-02-02 22:25:07,352 - INFO - Successfully saved image for: IND vs ENG 5th T20I Predicted Playing 11: Harshit Rana, Mohammed Shami in India Playing XI in the database
2025-02-02 22:25:07,353 - INFO - Successfully saved image for: What did the Budget say about ‘Make in India’? in the database
2025-02-02 22:25:07,354 - INFO - Successfully saved image for: Amid controversy, old videos of Udit Narayan kissing co-singers Alka Yagnik and Shreya Ghoshal go viral in the database
2025-02-02 22:25:07,355 - INFO - Successfully saved image for: Budget 2025: Dixon Technologies explains why the flat panel display custom duty hike is a positive in the database
2025-02-02 22:25:07,356 - INFO - Successfully saved image for: New income tax Bill to be introduced in Parliament next week, says Nirmala Sitharaman in the database
